<?xml version="1.0" encoding="UTF-8"?>
<coverage generated="1614886379914" clover="3.2.0">
  <project timestamp="1614886379914" name="All files">
    <metrics statements="27" coveredstatements="27" conditionals="15" coveredconditionals="15" methods="11" coveredmethods="11" elements="53" coveredelements="53" complexity="0" loc="27" ncloc="27" packages="2" files="2" classes="2"/>
    <package name="classes">
      <metrics statements="18" coveredstatements="18" conditionals="13" coveredconditionals="13" methods="8" coveredmethods="8"/>
      <file name="Employee.js" path="/Users/robhill/Projects/Pappa/cto-fantasy/src/modules/game/cto-fantasy/classes/Employee.js">
        <metrics statements="18" coveredstatements="18" conditionals="13" coveredconditionals="13" methods="8" coveredmethods="8"/>
        <line num="6" count="6" type="cond" truecount="2" falsecount="0"/>
        <line num="7" count="6" type="cond" truecount="2" falsecount="0"/>
        <line num="8" count="6" type="cond" truecount="2" falsecount="0"/>
        <line num="9" count="6" type="cond" truecount="2" falsecount="0"/>
        <line num="10" count="6" type="cond" truecount="2" falsecount="0"/>
        <line num="14" count="6" type="stmt"/>
        <line num="15" count="6" type="stmt"/>
        <line num="16" count="6" type="stmt"/>
        <line num="20" count="6" type="cond" truecount="2" falsecount="0"/>
        <line num="24" count="6" type="stmt"/>
        <line num="28" count="6" type="stmt"/>
        <line num="32" count="6" type="stmt"/>
        <line num="33" count="6" type="stmt"/>
        <line num="34" count="6" type="stmt"/>
        <line num="38" count="1" type="stmt"/>
        <line num="39" count="1" type="stmt"/>
        <line num="47" count="1" type="stmt"/>
        <line num="53" count="1" type="stmt"/>
      </file>
    </package>
    <package name="utils">
      <metrics statements="9" coveredstatements="9" conditionals="2" coveredconditionals="2" methods="3" coveredmethods="3"/>
      <file name="random.js" path="/Users/robhill/Projects/Pappa/cto-fantasy/src/modules/game/cto-fantasy/utils/random.js">
        <metrics statements="9" coveredstatements="9" conditionals="2" coveredconditionals="2" methods="3" coveredmethods="3"/>
        <line num="1" count="2" type="stmt"/>
        <line num="28" count="2" type="stmt"/>
        <line num="55" count="2" type="stmt"/>
        <line num="81" count="2" type="stmt"/>
        <line num="82" count="31" type="stmt"/>
        <line num="84" count="17" type="stmt"/>
        <line num="86" count="2" type="stmt"/>
        <line num="87" count="8" type="cond" truecount="2" falsecount="0"/>
        <line num="88" count="8" type="stmt"/>
      </file>
    </package>
  </project>
</coverage>
