{"/Users/robhill/Projects/Pappa/cto-fantasy/src/modules/game/cto-fantasy/classes/Employee.js": {"path":"/Users/robhill/Projects/Pappa/cto-fantasy/src/modules/game/cto-fantasy/classes/Employee.js","statementMap":{"0":{"start":{"line":6,"column":4},"end":{"line":6,"column":48}},"1":{"start":{"line":7,"column":4},"end":{"line":7,"column":51}},"2":{"start":{"line":8,"column":4},"end":{"line":8,"column":45}},"3":{"start":{"line":9,"column":4},"end":{"line":9,"column":51}},"4":{"start":{"line":10,"column":4},"end":{"line":10,"column":60}},"5":{"start":{"line":14,"column":16},"end":{"line":14,"column":17}},"6":{"start":{"line":15,"column":16},"end":{"line":15,"column":17}},"7":{"start":{"line":16,"column":4},"end":{"line":16,"column":60}},"8":{"start":{"line":20,"column":4},"end":{"line":20,"column":66}},"9":{"start":{"line":24,"column":4},"end":{"line":24,"column":35}},"10":{"start":{"line":28,"column":4},"end":{"line":28,"column":59}},"11":{"start":{"line":32,"column":16},"end":{"line":32,"column":17}},"12":{"start":{"line":33,"column":16},"end":{"line":33,"column":17}},"13":{"start":{"line":34,"column":4},"end":{"line":34,"column":60}},"14":{"start":{"line":38,"column":0},"end":{"line":38,"column":18}},"15":{"start":{"line":39,"column":0},"end":{"line":39,"column":20}},"16":{"start":{"line":47,"column":4},"end":{"line":47,"column":43}},"17":{"start":{"line":53,"column":4},"end":{"line":53,"column":43}}},"fnMap":{"0":{"name":"(anonymous_0)","decl":{"start":{"line":5,"column":2},"end":{"line":5,"column":3}},"loc":{"start":{"line":5,"column":63},"end":{"line":11,"column":3}},"line":5},"1":{"name":"(anonymous_1)","decl":{"start":{"line":13,"column":2},"end":{"line":13,"column":3}},"loc":{"start":{"line":13,"column":19},"end":{"line":17,"column":3}},"line":13},"2":{"name":"(anonymous_2)","decl":{"start":{"line":19,"column":2},"end":{"line":19,"column":3}},"loc":{"start":{"line":19,"column":20},"end":{"line":21,"column":3}},"line":19},"3":{"name":"(anonymous_3)","decl":{"start":{"line":23,"column":2},"end":{"line":23,"column":3}},"loc":{"start":{"line":23,"column":18},"end":{"line":25,"column":3}},"line":23},"4":{"name":"(anonymous_4)","decl":{"start":{"line":27,"column":2},"end":{"line":27,"column":3}},"loc":{"start":{"line":27,"column":20},"end":{"line":29,"column":3}},"line":27},"5":{"name":"(anonymous_5)","decl":{"start":{"line":31,"column":2},"end":{"line":31,"column":3}},"loc":{"start":{"line":31,"column":23},"end":{"line":35,"column":3}},"line":31},"6":{"name":"(anonymous_6)","decl":{"start":{"line":46,"column":2},"end":{"line":46,"column":3}},"loc":{"start":{"line":46,"column":20},"end":{"line":48,"column":3}},"line":46},"7":{"name":"(anonymous_7)","decl":{"start":{"line":52,"column":2},"end":{"line":52,"column":3}},"loc":{"start":{"line":52,"column":20},"end":{"line":54,"column":3}},"line":52}},"branchMap":{"0":{"loc":{"start":{"line":5,"column":14},"end":{"line":5,"column":61}},"type":"default-arg","locations":[{"start":{"line":5,"column":59},"end":{"line":5,"column":61}}],"line":5},"1":{"loc":{"start":{"line":6,"column":17},"end":{"line":6,"column":47}},"type":"binary-expr","locations":[{"start":{"line":6,"column":17},"end":{"line":6,"column":22}},{"start":{"line":6,"column":26},"end":{"line":6,"column":47}}],"line":6},"2":{"loc":{"start":{"line":7,"column":18},"end":{"line":7,"column":50}},"type":"binary-expr","locations":[{"start":{"line":7,"column":18},"end":{"line":7,"column":24}},{"start":{"line":7,"column":28},"end":{"line":7,"column":50}}],"line":7},"3":{"loc":{"start":{"line":8,"column":16},"end":{"line":8,"column":44}},"type":"binary-expr","locations":[{"start":{"line":8,"column":16},"end":{"line":8,"column":20}},{"start":{"line":8,"column":24},"end":{"line":8,"column":44}}],"line":8},"4":{"loc":{"start":{"line":9,"column":18},"end":{"line":9,"column":50}},"type":"binary-expr","locations":[{"start":{"line":9,"column":18},"end":{"line":9,"column":24}},{"start":{"line":9,"column":28},"end":{"line":9,"column":50}}],"line":9},"5":{"loc":{"start":{"line":10,"column":21},"end":{"line":10,"column":59}},"type":"binary-expr","locations":[{"start":{"line":10,"column":21},"end":{"line":10,"column":30}},{"start":{"line":10,"column":34},"end":{"line":10,"column":59}}],"line":10},"6":{"loc":{"start":{"line":20,"column":11},"end":{"line":20,"column":65}},"type":"cond-expr","locations":[{"start":{"line":20,"column":34},"end":{"line":20,"column":47}},{"start":{"line":20,"column":50},"end":{"line":20,"column":65}}],"line":20}},"s":{"0":6,"1":6,"2":6,"3":6,"4":6,"5":6,"6":6,"7":6,"8":6,"9":6,"10":6,"11":6,"12":6,"13":6,"14":1,"15":1,"16":1,"17":1},"f":{"0":6,"1":6,"2":6,"3":6,"4":6,"5":6,"6":1,"7":1},"b":{"0":[6],"1":[6,6],"2":[6,6],"3":[6,6],"4":[6,6],"5":[6,6],"6":[5,1]},"_coverageSchema":"1a1c01bbd47fc00a2c39e90264f33305004495a9","hash":"527f1d23a898dc4ce35b366edc92905ea6aa0dc3"}
,"/Users/robhill/Projects/Pappa/cto-fantasy/src/modules/game/cto-fantasy/utils/random.js": {"path":"/Users/robhill/Projects/Pappa/cto-fantasy/src/modules/game/cto-fantasy/utils/random.js","statementMap":{"0":{"start":{"line":1,"column":25},"end":{"line":27,"column":1}},"1":{"start":{"line":28,"column":27},"end":{"line":54,"column":1}},"2":{"start":{"line":55,"column":18},"end":{"line":80,"column":1}},"3":{"start":{"line":81,"column":25},"end":{"line":82,"column":51}},"4":{"start":{"line":82,"column":2},"end":{"line":82,"column":51}},"5":{"start":{"line":84,"column":20},"end":{"line":84,"column":78}},"6":{"start":{"line":84,"column":31},"end":{"line":84,"column":78}},"7":{"start":{"line":86,"column":26},"end":{"line":89,"column":1}},"8":{"start":{"line":87,"column":16},"end":{"line":87,"column":64}},"9":{"start":{"line":88,"column":2},"end":{"line":88,"column":45}}},"fnMap":{"0":{"name":"(anonymous_0)","decl":{"start":{"line":81,"column":25},"end":{"line":81,"column":26}},"loc":{"start":{"line":82,"column":2},"end":{"line":82,"column":51}},"line":82},"1":{"name":"(anonymous_1)","decl":{"start":{"line":84,"column":20},"end":{"line":84,"column":21}},"loc":{"start":{"line":84,"column":31},"end":{"line":84,"column":78}},"line":84},"2":{"name":"(anonymous_2)","decl":{"start":{"line":86,"column":26},"end":{"line":86,"column":27}},"loc":{"start":{"line":86,"column":38},"end":{"line":89,"column":1}},"line":86}},"branchMap":{"0":{"loc":{"start":{"line":87,"column":16},"end":{"line":87,"column":64}},"type":"cond-expr","locations":[{"start":{"line":87,"column":27},"end":{"line":87,"column":45}},{"start":{"line":87,"column":48},"end":{"line":87,"column":64}}],"line":87}},"s":{"0":2,"1":2,"2":2,"3":2,"4":31,"5":2,"6":17,"7":2,"8":8,"9":8},"f":{"0":31,"1":17,"2":8},"b":{"0":[2,6]},"_coverageSchema":"1a1c01bbd47fc00a2c39e90264f33305004495a9","hash":"745c59a1ceab8ba3018a46523fbf13f8993d828f"}
}
