TN:
SF:src/modules/game/cto-fantasy/classes/Employee.js
FN:5,(anonymous_0)
FN:13,(anonymous_1)
FN:19,(anonymous_2)
FN:23,(anonymous_3)
FN:27,(anonymous_4)
FN:31,(anonymous_5)
FN:46,(anonymous_6)
FN:52,(anonymous_7)
FNF:8
FNH:8
FNDA:6,(anonymous_0)
FNDA:6,(anonymous_1)
FNDA:6,(anonymous_2)
FNDA:6,(anonymous_3)
FNDA:6,(anonymous_4)
FNDA:6,(anonymous_5)
FNDA:1,(anonymous_6)
FNDA:1,(anonymous_7)
DA:6,6
DA:7,6
DA:8,6
DA:9,6
DA:10,6
DA:14,6
DA:15,6
DA:16,6
DA:20,6
DA:24,6
DA:28,6
DA:32,6
DA:33,6
DA:34,6
DA:38,1
DA:39,1
DA:47,1
DA:53,1
LF:18
LH:18
BRDA:5,0,0,6
BRDA:6,1,0,6
BRDA:6,1,1,6
BRDA:7,2,0,6
BRDA:7,2,1,6
BRDA:8,3,0,6
BRDA:8,3,1,6
BRDA:9,4,0,6
BRDA:9,4,1,6
BRDA:10,5,0,6
BRDA:10,5,1,6
BRDA:20,6,0,5
BRDA:20,6,1,1
BRF:13
BRH:13
end_of_record
TN:
SF:src/modules/game/cto-fantasy/utils/random.js
FN:81,(anonymous_0)
FN:84,(anonymous_1)
FN:86,(anonymous_2)
FNF:3
FNH:3
FNDA:31,(anonymous_0)
FNDA:17,(anonymous_1)
FNDA:8,(anonymous_2)
DA:1,2
DA:28,2
DA:55,2
DA:81,2
DA:82,31
DA:84,17
DA:86,2
DA:87,8
DA:88,8
LF:9
LH:9
BRDA:87,0,0,2
BRDA:87,0,1,6
BRF:2
BRH:2
end_of_record
